<?xml version="1.0" encoding="UTF-8"?>
<testsuite xmlns:xsi="http://www.w3.org/2001/XMLSchema-instance" xsi:noNamespaceSchemaLocation="https://maven.apache.org/surefire/maven-surefire-plugin/xsd/surefire-test-report-3.0.xsd" version="3.0" name="com.nilsr99.timesystem.model.FullTimeEmployeeTest" time="0.103" tests="1" errors="0" skipped="0" failures="0">
  <properties>
[...]
</properties>
  <testcase name="testOneHourWorkingHours" classname="com.nilsr99.timesystem.model.FullTimeEmployeeTest" time="0.08">
    <system-out><![CDATA[Full-Time Employee testUser created with staff number 000
]]></system-out>
  </testcase>
</testsuite>